app/proguard-rules.pro
# OkHttp
-dontwarn okhttp3.**
-dontwarn okio.**
-keep class okhttp3.** { *; }
-keep class okio.** { *; }

# JSON
-keep class org.json.** { *; }

# Kotlin coroutines
-keepnames class kotlinx.coroutines.internal.MainDispatcherFactory {}
-keepnames class kotlinx.coroutines.CoroutineExceptionHandler {}
-keep class kotlinx.coroutines.** { *; }

# Keep model and app classes
-keep class com.jarvis.assistant.** { *; }