app/build/outputs/mapping/release/seeds.txt
com.jarvis.assistant.service.JarvisVoiceService$startSession$2$8
com.jarvis.assistant.service.JarvisVoiceService$startSession$1$1
com.jarvis.assistant.service.JarvisVoiceService$startCameraVision$1
com.jarvis.assistant.service.JarvisAccessibilityService$Companion
com.jarvis.assistant.databinding.SpinnerItemDropdownBinding
com.jarvis.assistant.service.JarvisVoiceService$handleToolCall$1
com.jarvis.assistant.model.ChatMessage
com.jarvis.assistant.ai.AudioEngine$startRecording$3
com.jarvis.assistant.ai.GeminiLiveClient$connect$1
com.jarvis.assistant.ui.settings.SettingsActivity$buildSimToggle$1
com.jarvis.assistant.databinding.SimSpinnerItemDropdownBinding
com.jarvis.assistant.JarvisApplication$Companion
com.jarvis.assistant.ui.settings.SegmentedControl
com.jarvis.assistant.ui.settings.SettingsActivity$updateVoiceAccessibility$1
com.jarvis.assistant.ui.settings.SettingsActivity$buildSimToggle$adapter$1
com.jarvis.assistant.ui.main.ChatAdapter$JarvisViewHolder
com.jarvis.assistant.service.JarvisAccessibilityService$performInstallTap$$inlined$sortedBy$1
com.jarvis.assistant.ai.GeminiLiveClient$Companion
com.jarvis.assistant.util.SimManager
com.jarvis.assistant.wake.WakeWordDetector
com.jarvis.assistant.BR
com.jarvis.assistant.util.ChatHistoryManager
com.jarvis.assistant.ui.main.MainActivity$WhenMappings
com.jarvis.assistant.ui.main.MainActivity$initViews$2
com.jarvis.assistant.service.JarvisVoiceService$startSession$2$9
com.jarvis.assistant.ui.main.WaveformView
com.jarvis.assistant.ui.main.MainActivity$Companion
com.jarvis.assistant.R
com.jarvis.assistant.ui.main.MainActivity$initViews$4
com.jarvis.assistant.youtube.YouTubeApiClient$client$2
com.jarvis.assistant.util.BuiltInChromeEngine$searchAndExtract$2
com.jarvis.assistant.ui.settings.SettingsActivity$buildGeminiModelSpinner$1
com.jarvis.assistant.DataBinderMapperImpl
com.jarvis.assistant.util.AnimUtilsKt
com.jarvis.assistant.service.JarvisVoiceService$startSession$2$6
com.jarvis.assistant.vision.CameraVisionEngine$Companion
com.jarvis.assistant.databinding.SimSpinnerItemSelectedBinding
com.jarvis.assistant.ai.AudioEngine$startPlayback$1
com.jarvis.assistant.DataBinderMapperImpl$InnerLayoutIdLookup
com.jarvis.assistant.ui.main.MainActivity$toggleCameraVision$1
com.jarvis.assistant.ai.GeminiLiveClient$startKeepAlive$1
com.jarvis.assistant.databinding.ActivityMainBinding
com.jarvis.assistant.vision.ScreenCaptureEngine$Companion
com.jarvis.assistant.util.BuiltInChromeEngine$httpClient$2
com.jarvis.assistant.util.ContactCaller$CallResult$CallFailed
com.jarvis.assistant.ai.AudioEngine$startRecording$3$1
com.jarvis.assistant.R$anim
com.jarvis.assistant.ui.main.ChatAdapter$Companion
com.jarvis.assistant.util.ContactCaller
com.jarvis.assistant.vision.CameraVisionEngine
com.jarvis.assistant.ai.AudioEngine$clearPlaybackQueue$1
com.jarvis.assistant.ui.settings.SettingsActivity$wireInteractions$5
com.jarvis.assistant.ui.settings.SettingsActivity
com.jarvis.assistant.util.SimManager$getCallCapableSims$$inlined$sortedBy$1
com.jarvis.assistant.ui.main.MainActivity$startStatusUpdates$1
com.jarvis.assistant.ai.AudioEngine
com.jarvis.assistant.R$string
com.jarvis.assistant.util.ContactCaller$CallResult$NoMatch
com.jarvis.assistant.util.ContactCaller$CallResult
com.jarvis.assistant.service.JarvisVoiceService$startSession$2$5
com.jarvis.assistant.util.ContactCaller$Contact
com.jarvis.assistant.ai.AudioEngine$startPlayback$1$2
com.jarvis.assistant.service.JarvisVoiceService$startSession$1$5
com.jarvis.assistant.util.ContactCaller$CallResult$MultipleMatches
com.jarvis.assistant.R$layout
com.jarvis.assistant.R$mipmap
com.jarvis.assistant.service.JarvisVoiceService$LocalBinder
com.jarvis.assistant.service.JarvisVoiceService$startSession$2$7
com.jarvis.assistant.R$style
com.jarvis.assistant.util.AppLauncher$getLaunchableApps$$inlined$sortedBy$1
com.jarvis.assistant.service.JarvisVoiceService
com.jarvis.assistant.service.JarvisVoiceService$handleToolCall$5
com.jarvis.assistant.DataBindingTriggerClass
...
kotlinx.coroutines.flow.FlowKt: kotlinx.coroutines.flow.Flow flowOf(java.lang.Object)
com.google.ai.client.generativeai.common.client.Tool: java.lang.String toString()
com.google.android.material.textfield.MaterialAutoCompleteTextView: void setSimpleItems(java.lang.String[])
kotlinx.coroutines.flow.FlowKt__BuildersKt: kotlinx.coroutines.flow.Flow asFlow(kotlin.jvm.functions.Function0)
com.google.ai.client.generativeai.common.shared.SafetySetting$Companion: SafetySetting$Companion(kotlin.jvm.internal.DefaultConstructorMarker)
okhttp3.internal.cache.DiskLruCache: boolean getClosed$okhttp()
okhttp3.HttpUrl$Builder: boolean isDot(java.lang.String)
okhttp3.internal.ws.WebSocketExtensions: java.lang.Integer component4()
okio.SegmentedByteString: int[] getDirectory$okio()
okhttp3.internal.ws.RealWebSocket: void cancel()
androidx.recyclerview.widget.RecyclerView$ViewHolder: void onEnteredHiddenState(androidx.recyclerview.widget.RecyclerView)
kotlinx.coroutines.internal.SegmentOrClosed: kotlinx.coroutines.internal.SegmentOrClosed box-impl(java.lang.Object)
okio.internal.-Buffer: okio.Segment commonWritableSegment(okio.Buffer,int)
androidx.appcompat.widget.AppCompatEditText: android.graphics.PorterDuff$Mode getSupportCompoundDrawablesTintMode()
com.google.ai.client.generativeai.common.server.Segment: int getEndIndex()
okhttp3.internal.platform.android.AndroidCertificateChainCleaner$Companion: AndroidCertificateChainCleaner$Companion(kotlin.jvm.internal.DefaultConstructorMarker)
kotlinx.coroutines.EventLoopImplBase$DelayedTaskQueue: EventLoopImplBase$DelayedTaskQueue(long)
com.google.ai.client.generativeai.common.shared.FileData: java.lang.String toString()
com.google.ai.client.generativeai.common.server.HarmProbability$Companion$1: HarmProbability$Companion$1()
kotlinx.coroutines.internal.OnDemandAllocatingPool: void loop$atomicfu(java.util.concurrent.atomic.AtomicIntegerFieldUpdater,kotlin.jvm.functions.Function1,java.lang.Object)
kotlin.coroutines.jvm.internal.BaseContinuationImpl: java.lang.String toString()
okhttp3.internal.ws.WebSocketExtensions: boolean component1()
okio.Throttler: void bytesPerSecond(long)
okhttp3.HttpUrl$Builder: int getPort$okhttp()
androidx.core.app.NotificationCompatBuilder$Api24Impl: android.app.Notification$Builder setCustomHeadsUpContentView(android.app.Notification$Builder,android.widget.RemoteViews)
okhttp3.internal.concurrent.TaskQueue: boolean scheduleAndDecide$okhttp(okhttp3.internal.concurrent.Task,long,boolean)
com.google.ai.client.generativeai.common.shared.ExecutableCodePart$$serializer: kotlinx.serialization.descriptors.SerialDescriptor getDescriptor()
kotlinx.coroutines.internal.LocalAtomics_commonKt: void setValue(java.util.concurrent.atomic.AtomicInteger,int)
androidx.core.widget.CompoundButtonCompat$Api21Impl: android.graphics.PorterDuff$Mode getButtonTintMode(android.widget.CompoundButton)
kotlinx.coroutines.JobSupport: kotlinx.coroutines.ChildHandle getParentHandle$kotlinx_coroutines_core()
com.google.ai.client.generativeai.common.shared.TextPart: com.google.ai.client.generativeai.common.shared.TextPart copy(java.lang.String)
kotlinx.coroutines.flow.MutableStateFlow: void setValue(java.lang.Object)
kotlinx.coroutines.CancellableContinuationImpl: java.lang.Void alreadyResumedError(java.lang.Object)
com.google.android.material.button.MaterialButton: void setInsetTop(int)
com.google.android.material.chip.Chip: void setChipCornerRadius(float)
kotlinx.coroutines.channels.ChannelSegment: int getNumberOfSlots()
com.google.ai.client.generativeai.common.shared.CodeExecutionResult: void write$Self(com.google.ai.client.generativeai.common.shared.CodeExecutionResult,kotlinx.serialization.encoding.CompositeEncoder,kotlinx.serialization.descriptors.SerialDescriptor)
okhttp3.internal.http1.Http1ExchangeCodec: okio.Sink createRequestBody(okhttp3.Request,long)
okhttp3.internal.http2.Http2Reader$ContinuationSource: int getLength()