app/build/outputs/mapping/release/usage.txt
com.jarvis.assistant.service.JarvisVoiceService$$InternalSyntheticLambda$1$7b55454077a8892af72e6d8602dfec967ccc15a1687a1585fc8b3d35c5bfaf90$0
com.jarvis.assistant.ui.main.MainActivity$$InternalSyntheticLambda$1$2c0a6be92c52cf4565c1cb05e971c66560c3b8acf6ba5b2b01b41852b768ab02$0
com.jarvis.assistant.ui.main.MainActivity$$InternalSyntheticLambda$1$4e0a401930f86ba6f607bb4f59fb4a26f1cf2cbb5f7bc05482957d17067c3bb7$1
com.jarvis.assistant.ui.main.MainActivity$$InternalSyntheticLambda$1$5316a84a790eb9410a7f5c2839071e04abf46670edb5966f2b0661aeaa7bd5aa$1
com.jarvis.assistant.ui.main.MainActivity$$InternalSyntheticLambda$1$5316a84a790eb9410a7f5c2839071e04abf46670edb5966f2b0661aeaa7bd5aa$2
com.jarvis.assistant.ui.main.MainActivity$$InternalSyntheticLambda$1$5316a84a790eb9410a7f5c2839071e04abf46670edb5966f2b0661aeaa7bd5aa$3
com.jarvis.assistant.ui.main.MainActivity$$InternalSyntheticLambda$1$5316a84a790eb9410a7f5c2839071e04abf46670edb5966f2b0661aeaa7bd5aa$4
com.jarvis.assistant.ui.main.MainActivity$$InternalSyntheticLambda$1$5316a84a790eb9410a7f5c2839071e04abf46670edb5966f2b0661aeaa7bd5aa$5
com.jarvis.assistant.ui.main.MainActivity$$InternalSyntheticLambda$1$5316a84a790eb9410a7f5c2839071e04abf46670edb5966f2b0661aeaa7bd5aa$6
com.jarvis.assistant.ui.main.MainActivity$$InternalSyntheticLambda$1$5316a84a790eb9410a7f5c2839071e04abf46670edb5966f2b0661aeaa7bd5aa$7
com.jarvis.assistant.ui.main.MainActivity$$InternalSyntheticLambda$1$66480af4d935b05c4b24bf99bead3d69e9128b7687664db84a9f6e708c9a1c98$0
com.jarvis.assistant.ui.main.MainActivity$$InternalSyntheticLambda$1$88e76803bce58325153aaec67e3ba290f18377733496ffb72bfb4bd8fb9ea4c5$0
com.jarvis.assistant.ui.main.MainActivity$$InternalSyntheticLambda$1$c3a079de777751fca1cc40709deb11f29329aa2f75fbf6874ac06e4426a7f113$0
com.jarvis.assistant.ui.main.MainActivity$$InternalSyntheticLambda$1$ce0a17cceeffb8d86a4890311cd51bcb7a6ba906e05766c77c34bbd9686a7b45$0
com.jarvis.assistant.ui.main.MainActivity$StandbyBarBridge$$InternalSyntheticLambda$1$0bafd5d9d52539eda09babeea1477c48d320bce474a19e4293d38b7882a98898$0
com.jarvis.assistant.ui.main.MainActivity$StandbyBarBridge$$InternalSyntheticLambda$1$0f08a1baf9018114bd991edc0fddaa9b316eab36e47e50ce1d43ea5330e04ac6$0
com.jarvis.assistant.ui.main.MainActivity$StandbyBarBridge$$InternalSyntheticLambda$1$4f04446328986049fbe7ab0a4cef66b8d19e71cf7c8ba283384f2523a720b078$0
com.jarvis.assistant.ui.main.MainActivity$StandbyBarBridge$$InternalSyntheticLambda$1$c10af616ba647441b17bb779ead2d4796e9e46f40d2b71b6f2d092290698f481$0
com.jarvis.assistant.ui.main.MainActivity$initViews$2$$InternalSyntheticLambda$1$d2dcd5b1fbdbbcb11a5048d835764209fe7ec5458ccf8c254127ae3fd79d23a6$0
com.jarvis.assistant.ui.main.MainActivity$initViews$4$$InternalSyntheticLambda$1$a6debf98804d7883e723964548525a83f3244dc1cd02a4a534351b22acfd9f1f$0
com.jarvis.assistant.ui.main.MainActivity$serviceConnection$1$$InternalSyntheticLambda$1$c870df7e763d8c238b9631f6b3e9fdd204e00e455de9979ba12736921c8df477$0
com.jarvis.assistant.ui.main.MainActivity$voiceListener$1$$InternalSyntheticLambda$1$05fae96a1d3ffc15e318ce1eb7c7ddbbc2e203fb1c647d6546ce6cf1939af670$0
com.jarvis.assistant.ui.main.MainActivity$voiceListener$1$$InternalSyntheticLambda$1$095c57f154bab65f43e4b966beace924e8d78c983e337e51f7de0f918b12eebd$0
com.jarvis.assistant.ui.main.MainActivity$voiceListener$1$$InternalSyntheticLambda$1$12cfb9e5466c1ea19133c74dda1c8cc1952fcf2ebc11d6e566f222a82779e2d0$0
com.jarvis.assistant.ui.main.MainActivity$voiceListener$1$$InternalSyntheticLambda$1$2891137d0e21d392b8c9189b9a9eb7ba6753b24be48d38903ca58a28edccbe58$0
com.jarvis.assistant.ui.main.MainActivity$voiceListener$1$$InternalSyntheticLambda$1$311057c9f3655cbeda6653f3b5234b38bdce4690ae52f9d54c8dd4515bb1eba0$0
com.jarvis.assistant.ui.main.MainActivity$voiceListener$1$$InternalSyntheticLambda$1$9d3d5c086401a80fb9ad7a6c209fbe97371c884997cf8631fe912a6e1d097203$0
...
io.ktor.http.HttpProtocolVersion$Companion:
    public final io.ktor.http.HttpProtocolVersion fromValue(java.lang.String,int,int)
    public final io.ktor.http.HttpProtocolVersion parse(java.lang.CharSequence)
io.ktor.http.HttpProtocolVersion:
    public final java.lang.String component1()
    public final int component2()
    public final int component3()
    public final io.ktor.http.HttpProtocolVersion copy(java.lang.String,int,int)
    public static synthetic io.ktor.http.HttpProtocolVersion copy$default(io.ktor.http.HttpProtocolVersion,java.lang.String,int,int,int,java.lang.Object)
    public final int getMajor()
    public final int getMinor()
    public final java.lang.String getName()
io.ktor.http.HttpStatusCode$Companion:
    public final io.ktor.http.HttpStatusCode fromValue(int)
    public final java.util.List getAllStatusCodes()
io.ktor.http.HttpStatusCode:
    public static final synthetic java.util.List access$getAllStatusCodes$cp()
    public static final synthetic java.util.Map access$getStatusCodesMap$cp()
    public final int component1()
    public final java.lang.String component2()
    public final io.ktor.http.HttpStatusCode copy(int,java.lang.String)
    public static synthetic io.ktor.http.HttpStatusCode copy$default(io.ktor.http.HttpStatusCode,int,java.lang.String,int,java.lang.Object)
    public final io.ktor.http.HttpStatusCode description(java.lang.String)
    public final java.lang.String getDescription()
io.ktor.http.HttpStatusCodeKt:
    public static final io.ktor.http.HttpStatusCode getExceptionFailed(io.ktor.http.HttpStatusCode$Companion)
    public static synthetic void getExceptionFailed$annotations(io.ktor.http.HttpStatusCode$Companion)
    public static final boolean isSuccess(io.ktor.http.HttpStatusCode)
io.ktor.http.HttpUrlEncodedKt$formUrlEncodeTo$1
io.ktor.http.HttpUrlEncodedKt
io.ktor.http.IllegalHeaderNameException:
    public final java.lang.String getHeaderName()
    public final int getPosition()
io.ktor.http.IllegalHeaderValueException:
    public final java.lang.String getHeaderValue()
    public final int getPosition()
io.ktor.http.InvalidCookieDateException
io.ktor.http.IpParserKt
io.ktor.http.LinkHeader$Parameters
io.ktor.http.LinkHeader$Rel
io.ktor.http.LinkHeader
io.ktor.http.MimesKt$loadMimes$1
io.ktor.http.MimesKt$mimes$2
io.ktor.http.MimesKt
io.ktor.http.Parameters$Companion:
    public final io.ktor.http.Parameters build(kotlin.jvm.functions.Function1)
io.ktor.http.Parameters$DefaultImpls:
    public static boolean contains(io.ktor.http.Parameters,java.lang.String)
    public static boolean contains(io.ktor.http.Parameters,java.lang.String,java.lang.String)
    public static java.lang.String get(io.ktor.http.Parameters,java.lang.String)
io.ktor.http.ParametersBuilderImpl:
    public void <init>()
    public synthetic void <init>(int,int,kotlin.jvm.internal.DefaultConstructorMarker)
    public synthetic bridge io.ktor.util.StringValues build()
io.ktor.http.ParametersImpl:
    public void <init>()
    public synthetic void <init>(java.util.Map,int,kotlin.jvm.internal.DefaultConstructorMarker)
io.ktor.http.ParametersKt:
    public static final io.ktor.http.Parameters parameters(kotlin.jvm.functions.Function1)
    public static final io.ktor.http.Parameters parametersOf()
    public static final io.ktor.http.Parameters parametersOf(java.lang.String,java.lang.String)
    public static final io.ktor.http.Parameters parametersOf(java.lang.String,java.util.List)
    public static final io.ktor.http.Parameters parametersOf(java.util.Map)
    public static final varargs io.ktor.http.Parameters parametersOf(kotlin.Pair[])
    public static final io.ktor.http.Parameters plus(io.ktor.http.Parameters,io.ktor.http.Parameters)
io.ktor.http.ParametersSingleImpl
io.ktor.http.RangeUnits
io.ktor.http.RangesKt$mergeRangesKeepOrder$$inlined$sortedBy$1
io.ktor.http.RangesKt
io.ktor.http.RangesSpecifier$isValid$1
io.ktor.http.RangesSpecifier
io.ktor.http.RequestConnectionPoint$DefaultImpls